Arguments: 
  C:\Program Files\nodejs\node.exe C:\Users\JoonDong\AppData\Roaming\npm\node_modules\yarn\bin\yarn.js add aws-sdk

PATH: 
  C:\Python27\;C:\Python27\Scripts;C:\ProgramData\Anaconda3;C:\ProgramData\Anaconda3\Library\mingw-w64\bin;C:\ProgramData\Anaconda3\Library\usr\bin;C:\ProgramData\Anaconda3\Library\bin;C:\ProgramData\Anaconda3\Scripts;C:\WINDOWS\system32;C:\WINDOWS;C:\WINDOWS\System32\Wbem;C:\WINDOWS\System32\WindowsPowerShell\v1.0\;C:\WINDOWS\System32\OpenSSH\;C:\Program Files (x86)\NVIDIA Corporation\PhysX\Common;C:\Program Files\Git\cmd;C:\Program Files\NVIDIA GPU Computing Toolkit\CUDA\v10.1\bin;C:\ProgramData\chocolatey\bin;C:\Program Files\dotnet\;C:\Program Files\Java\jdk1.8.0_242\bin;C:\Users\JoonDong\AppData\Local\Android\Sdk\platform-tools;C:\Program Files\nodejs\;C:\mysql\bin;C:\Users\JoonDong\AppData\Local\Microsoft\WindowsApps;C:\Program Files\Bandizip\;C:\Users\JoonDong\AppData\Local\Programs\Microsoft VS Code\bin;C:\Users\JoonDong\AppData\Roaming\npm

Yarn version: 
  1.22.4

Node version: 
  12.16.1

Platform: 
  win32 x64

Trace: 
  SyntaxError: C:\Users\JoonDong\Documents\beforeSignUp\package.json: Unexpected token   in JSON at position 108
      at JSON.parse (<anonymous>)
      at C:\Users\JoonDong\AppData\Roaming\npm\node_modules\yarn\lib\cli.js:1625:59
      at Generator.next (<anonymous>)
      at step (C:\Users\JoonDong\AppData\Roaming\npm\node_modules\yarn\lib\cli.js:310:30)
      at C:\Users\JoonDong\AppData\Roaming\npm\node_modules\yarn\lib\cli.js:321:13

npm manifest: 
  {
    "name": "before-sign-up",
    "version": "1.0.0",
    "main": "handler.js",
    "license": "MIT",
    "scripts": {
      "deploy": "npx serverless deploy -v"
    },
    "dependencies": {
      "graphql-request": "^1.8.2"
    }
  }

yarn manifest: 
  No manifest

Lockfile: 
  # THIS IS AN AUTOGENERATED FILE. DO NOT EDIT THIS FILE DIRECTLY.
  # yarn lockfile v1
  
  
  cross-fetch@2.2.2:
    version "2.2.2"
    resolved "https://registry.yarnpkg.com/cross-fetch/-/cross-fetch-2.2.2.tgz#a47ff4f7fc712daba8f6a695a11c948440d45723"
    integrity sha1-pH/09/xxLauo9qaVoRyUhEDUVyM=
    dependencies:
      node-fetch "2.1.2"
      whatwg-fetch "2.0.4"
  
  graphql-request@^1.8.2:
    version "1.8.2"
    resolved "https://registry.yarnpkg.com/graphql-request/-/graphql-request-1.8.2.tgz#398d10ae15c585676741bde3fc01d5ca948f8fbe"
    integrity sha512-dDX2M+VMsxXFCmUX0Vo0TopIZIX4ggzOtiCsThgtrKR4niiaagsGTDIHj3fsOMFETpa064vzovI+4YV4QnMbcg==
    dependencies:
      cross-fetch "2.2.2"
  
  node-fetch@2.1.2:
    version "2.1.2"
    resolved "https://registry.yarnpkg.com/node-fetch/-/node-fetch-2.1.2.tgz#ab884e8e7e57e38a944753cec706f788d1768bb5"
    integrity sha1-q4hOjn5X44qUR1POxwb3iNF2i7U=
  
  whatwg-fetch@2.0.4:
    version "2.0.4"
    resolved "https://registry.yarnpkg.com/whatwg-fetch/-/whatwg-fetch-2.0.4.tgz#dde6a5df315f9d39991aa17621853d720b85566f"
    integrity sha512-dcQ1GWpOD/eEQ97k66aiEVpNnapVj90/+R+SXTPYGHpYBBypfKJEQjLrvMZ7YXbKm21gXd4NcuxUTjiv1YtLng==
